INFO:root:Loaded 1000 images from run 91.
INFO:root:Number of non-none images in the current batch: 1000
/sdf/group/lcls/ds/ana/sw/conda1/inst/envs/ana-4.0.65-py3/lib/python3.9/multiprocessing/resource_tracker.py:216: UserWarning: resource_tracker: There appear to be 203 leaked shared_memory objects to clean up at shutdown
  warnings.warn('resource_tracker: There appear to be %d '
/sdf/group/lcls/ds/ana/sw/conda1/inst/envs/ana-4.0.65-py3/lib/python3.9/multiprocessing/resource_tracker.py:229: UserWarning: resource_tracker: '/psm_54be2c04': [Errno 2] No such file or directory: '/psm_54be2c04'
  warnings.warn('resource_tracker: %r: %s' % (name, e))
/sdf/group/lcls/ds/ana/sw/conda1/inst/envs/ana-4.0.65-py3/lib/python3.9/multiprocessing/resource_tracker.py:229: UserWarning: resource_tracker: '/psm_bd6c263e': [Errno 2] No such file or directory: '/psm_bd6c263e'
  warnings.warn('resource_tracker: %r: %s' % (name, e))
/sdf/group/lcls/ds/ana/sw/conda1/inst/envs/ana-4.0.65-py3/lib/python3.9/multiprocessing/resource_tracker.py:229: UserWarning: resource_tracker: '/psm_1fb0d1c0': [Errno 2] No such file or directory: '/psm_1fb0d1c0'
  warnings.warn('resource_tracker: %r: %s' % (name, e))
/sdf/group/lcls/ds/ana/sw/conda1/inst/envs/ana-4.0.65-py3/lib/python3.9/multiprocessing/resource_tracker.py:229: UserWarning: resource_tracker: '/psm_c1acc7f3': [Errno 2] No such file or directory: '/psm_c1acc7f3'
  warnings.warn('resource_tracker: %r: %s' % (name, e))
/sdf/group/lcls/ds/ana/sw/conda1/inst/envs/ana-4.0.65-py3/lib/python3.9/multiprocessing/resource_tracker.py:229: UserWarning: resource_tracker: '/psm_ad487175': [Errno 2] No such file or directory: '/psm_ad487175'
  warnings.warn('resource_tracker: %r: %s' % (name, e))
/sdf/group/lcls/ds/ana/sw/conda1/inst/envs/ana-4.0.65-py3/lib/python3.9/multiprocessing/resource_tracker.py:229: UserWarning: resource_tracker: '/psm_a57148ac': [Errno 2] No such file or directory: '/psm_a57148ac'
  warnings.warn('resource_tracker: %r: %s' % (name, e))
/sdf/group/lcls/ds/ana/sw/conda1/inst/envs/ana-4.0.65-py3/lib/python3.9/multiprocessing/resource_tracker.py:229: UserWarning: resource_tracker: '/psm_bd8b096e': [Errno 2] No such file or directory: '/psm_bd8b096e'
  warnings.warn('resource_tracker: %r: %s' % (name, e))
/sdf/group/lcls/ds/ana/sw/conda1/inst/envs/ana-4.0.65-py3/lib/python3.9/multiprocessing/resource_tracker.py:229: UserWarning: resource_tracker: '/psm_8a815a86': [Errno 2] No such file or directory: '/psm_8a815a86'
  warnings.warn('resource_tracker: %r: %s' % (name, e))
/sdf/group/lcls/ds/ana/sw/conda1/inst/envs/ana-4.0.65-py3/lib/python3.9/multiprocessing/resource_tracker.py:229: UserWarning: resource_tracker: '/psm_1fede054': [Errno 2] No such file or directory: '/psm_1fede054'
  warnings.warn('resource_tracker: %r: %s' % (name, e))
/sdf/group/lcls/ds/ana/sw/conda1/inst/envs/ana-4.0.65-py3/lib/python3.9/multiprocessing/resource_tracker.py:229: UserWarning: resource_tracker: '/psm_0f8d5573': [Errno 2] No such file or directory: '/psm_0f8d5573'
  warnings.warn('resource_tracker: %r: %s' % (name, e))
/sdf/group/lcls/ds/ana/sw/conda1/inst/envs/ana-4.0.65-py3/lib/python3.9/multiprocessing/resource_tracker.py:229: UserWarning: resource_tracker: '/psm_c280956a': [Errno 2] No such file or directory: '/psm_c280956a'
  warnings.warn('resource_tracker: %r: %s' % (name, e))
/sdf/group/lcls/ds/ana/sw/conda1/inst/envs/ana-4.0.65-py3/lib/python3.9/multiprocessing/resource_tracker.py:229: UserWarning: resource_tracker: '/psm_7234a790': [Errno 2] No such file or directory: '/psm_7234a790'
  warnings.warn('resource_tracker: %r: %s' % (name, e))
/sdf/group/lcls/ds/ana/sw/conda1/inst/envs/ana-4.0.65-py3/lib/python3.9/multiprocessing/resource_tracker.py:229: UserWarning: resource_tracker: '/psm_e7f0d7fd': [Errno 2] No such file or directory: '/psm_e7f0d7fd'
  warnings.warn('resource_tracker: %r: %s' % (name, e))
/sdf/group/lcls/ds/ana/sw/conda1/inst/envs/ana-4.0.65-py3/lib/python3.9/multiprocessing/resource_tracker.py:229: UserWarning: resource_tracker: '/psm_6e9fe325': [Errno 2] No such file or directory: '/psm_6e9fe325'
  warnings.warn('resource_tracker: %r: %s' % (name, e))
/sdf/group/lcls/ds/ana/sw/conda1/inst/envs/ana-4.0.65-py3/lib/python3.9/multiprocessing/resource_tracker.py:229: UserWarning: resource_tracker: '/psm_afaabe5e': [Errno 2] No such file or directory: '/psm_afaabe5e'
  warnings.warn('resource_tracker: %r: %s' % (name, e))
/sdf/group/lcls/ds/ana/sw/conda1/inst/envs/ana-4.0.65-py3/lib/python3.9/multiprocessing/resource_tracker.py:229: UserWarning: resource_tracker: '/psm_a730595e': [Errno 2] No such file or directory: '/psm_a730595e'
  warnings.warn('resource_tracker: %r: %s' % (name, e))
/sdf/group/lcls/ds/ana/sw/conda1/inst/envs/ana-4.0.65-py3/lib/python3.9/multiprocessing/resource_tracker.py:229: UserWarning: resource_tracker: '/psm_f63d0040': [Errno 2] No such file or directory: '/psm_f63d0040'
  warnings.warn('resource_tracker: %r: %s' % (name, e))
/sdf/group/lcls/ds/ana/sw/conda1/inst/envs/ana-4.0.65-py3/lib/python3.9/multiprocessing/resource_tracker.py:229: UserWarning: resource_tracker: '/psm_46648f78': [Errno 2] No such file or directory: '/psm_46648f78'
  warnings.warn('resource_tracker: %r: %s' % (name, e))
/sdf/group/lcls/ds/ana/sw/conda1/inst/envs/ana-4.0.65-py3/lib/python3.9/multiprocessing/resource_tracker.py:229: UserWarning: resource_tracker: '/psm_c166e8e4': [Errno 2] No such file or directory: '/psm_c166e8e4'
  warnings.warn('resource_tracker: %r: %s' % (name, e))
/sdf/group/lcls/ds/ana/sw/conda1/inst/envs/ana-4.0.65-py3/lib/python3.9/multiprocessing/resource_tracker.py:229: UserWarning: resource_tracker: '/psm_74c7f629': [Errno 2] No such file or directory: '/psm_74c7f629'
  warnings.warn('resource_tracker: %r: %s' % (name, e))
/sdf/group/lcls/ds/ana/sw/conda1/inst/envs/ana-4.0.65-py3/lib/python3.9/multiprocessing/resource_tracker.py:229: UserWarning: resource_tracker: '/psm_f100f59d': [Errno 2] No such file or directory: '/psm_f100f59d'
  warnings.warn('resource_tracker: %r: %s' % (name, e))
/sdf/group/lcls/ds/ana/sw/conda1/inst/envs/ana-4.0.65-py3/lib/python3.9/multiprocessing/resource_tracker.py:229: UserWarning: resource_tracker: '/psm_6610708f': [Errno 2] No such file or directory: '/psm_6610708f'
  warnings.warn('resource_tracker: %r: %s' % (name, e))
/sdf/group/lcls/ds/ana/sw/conda1/inst/envs/ana-4.0.65-py3/lib/python3.9/multiprocessing/resource_tracker.py:229: UserWarning: resource_tracker: '/psm_38099478': [Errno 2] No such file or directory: '/psm_38099478'
  warnings.warn('resource_tracker: %r: %s' % (name, e))
/sdf/group/lcls/ds/ana/sw/conda1/inst/envs/ana-4.0.65-py3/lib/python3.9/multiprocessing/resource_tracker.py:229: UserWarning: resource_tracker: '/psm_20dde7c2': [Errno 2] No such file or directory: '/psm_20dde7c2'
  warnings.warn('resource_tracker: %r: %s' % (name, e))
/sdf/group/lcls/ds/ana/sw/conda1/inst/envs/ana-4.0.65-py3/lib/python3.9/multiprocessing/resource_tracker.py:229: UserWarning: resource_tracker: '/psm_44e1ca0f': [Errno 2] No such file or directory: '/psm_44e1ca0f'
  warnings.warn('resource_tracker: %r: %s' % (name, e))
/sdf/group/lcls/ds/ana/sw/conda1/inst/envs/ana-4.0.65-py3/lib/python3.9/multiprocessing/resource_tracker.py:229: UserWarning: resource_tracker: '/psm_0ed94006': [Errno 2] No such file or directory: '/psm_0ed94006'
  warnings.warn('resource_tracker: %r: %s' % (name, e))
/sdf/group/lcls/ds/ana/sw/conda1/inst/envs/ana-4.0.65-py3/lib/python3.9/multiprocessing/resource_tracker.py:229: UserWarning: resource_tracker: '/psm_21adb5bb': [Errno 2] No such file or directory: '/psm_21adb5bb'
  warnings.warn('resource_tracker: %r: %s' % (name, e))
/sdf/group/lcls/ds/ana/sw/conda1/inst/envs/ana-4.0.65-py3/lib/python3.9/multiprocessing/resource_tracker.py:229: UserWarning: resource_tracker: '/psm_9d22c3e3': [Errno 2] No such file or directory: '/psm_9d22c3e3'
  warnings.warn('resource_tracker: %r: %s' % (name, e))
/sdf/group/lcls/ds/ana/sw/conda1/inst/envs/ana-4.0.65-py3/lib/python3.9/multiprocessing/resource_tracker.py:229: UserWarning: resource_tracker: '/psm_a0f179cd': [Errno 2] No such file or directory: '/psm_a0f179cd'
  warnings.warn('resource_tracker: %r: %s' % (name, e))
/sdf/group/lcls/ds/ana/sw/conda1/inst/envs/ana-4.0.65-py3/lib/python3.9/multiprocessing/resource_tracker.py:229: UserWarning: resource_tracker: '/psm_1635b97f': [Errno 2] No such file or directory: '/psm_1635b97f'
  warnings.warn('resource_tracker: %r: %s' % (name, e))
/sdf/group/lcls/ds/ana/sw/conda1/inst/envs/ana-4.0.65-py3/lib/python3.9/multiprocessing/resource_tracker.py:229: UserWarning: resource_tracker: '/psm_41d15273': [Errno 2] No such file or directory: '/psm_41d15273'
  warnings.warn('resource_tracker: %r: %s' % (name, e))
/sdf/group/lcls/ds/ana/sw/conda1/inst/envs/ana-4.0.65-py3/lib/python3.9/multiprocessing/resource_tracker.py:229: UserWarning: resource_tracker: '/psm_37c298cf': [Errno 2] No such file or directory: '/psm_37c298cf'
  warnings.warn('resource_tracker: %r: %s' % (name, e))
/sdf/group/lcls/ds/ana/sw/conda1/inst/envs/ana-4.0.65-py3/lib/python3.9/multiprocessing/resource_tracker.py:229: UserWarning: resource_tracker: '/psm_cf9cfcb5': [Errno 2] No such file or directory: '/psm_cf9cfcb5'
  warnings.warn('resource_tracker: %r: %s' % (name, e))
/sdf/group/lcls/ds/ana/sw/conda1/inst/envs/ana-4.0.65-py3/lib/python3.9/multiprocessing/resource_tracker.py:229: UserWarning: resource_tracker: '/psm_4d1772ca': [Errno 2] No such file or directory: '/psm_4d1772ca'
  warnings.warn('resource_tracker: %r: %s' % (name, e))
/sdf/group/lcls/ds/ana/sw/conda1/inst/envs/ana-4.0.65-py3/lib/python3.9/multiprocessing/resource_tracker.py:229: UserWarning: resource_tracker: '/psm_96dcec1d': [Errno 2] No such file or directory: '/psm_96dcec1d'
  warnings.warn('resource_tracker: %r: %s' % (name, e))
/sdf/group/lcls/ds/ana/sw/conda1/inst/envs/ana-4.0.65-py3/lib/python3.9/multiprocessing/resource_tracker.py:229: UserWarning: resource_tracker: '/psm_df4fb2bd': [Errno 2] No such file or directory: '/psm_df4fb2bd'
  warnings.warn('resource_tracker: %r: %s' % (name, e))
/sdf/group/lcls/ds/ana/sw/conda1/inst/envs/ana-4.0.65-py3/lib/python3.9/multiprocessing/resource_tracker.py:229: UserWarning: resource_tracker: '/psm_5df81338': [Errno 2] No such file or directory: '/psm_5df81338'
  warnings.warn('resource_tracker: %r: %s' % (name, e))
/sdf/group/lcls/ds/ana/sw/conda1/inst/envs/ana-4.0.65-py3/lib/python3.9/multiprocessing/resource_tracker.py:229: UserWarning: resource_tracker: '/psm_844278f1': [Errno 2] No such file or directory: '/psm_844278f1'
  warnings.warn('resource_tracker: %r: %s' % (name, e))
/sdf/group/lcls/ds/ana/sw/conda1/inst/envs/ana-4.0.65-py3/lib/python3.9/multiprocessing/resource_tracker.py:229: UserWarning: resource_tracker: '/psm_97a60527': [Errno 2] No such file or directory: '/psm_97a60527'
  warnings.warn('resource_tracker: %r: %s' % (name, e))
/sdf/group/lcls/ds/ana/sw/conda1/inst/envs/ana-4.0.65-py3/lib/python3.9/multiprocessing/resource_tracker.py:229: UserWarning: resource_tracker: '/psm_1a52d2a1': [Errno 2] No such file or directory: '/psm_1a52d2a1'
  warnings.warn('resource_tracker: %r: %s' % (name, e))
/sdf/group/lcls/ds/ana/sw/conda1/inst/envs/ana-4.0.65-py3/lib/python3.9/multiprocessing/resource_tracker.py:229: UserWarning: resource_tracker: '/psm_3df08032': [Errno 2] No such file or directory: '/psm_3df08032'
  warnings.warn('resource_tracker: %r: %s' % (name, e))
/sdf/group/lcls/ds/ana/sw/conda1/inst/envs/ana-4.0.65-py3/lib/python3.9/multiprocessing/resource_tracker.py:229: UserWarning: resource_tracker: '/psm_f5a70cec': [Errno 2] No such file or directory: '/psm_f5a70cec'
  warnings.warn('resource_tracker: %r: %s' % (name, e))
/sdf/group/lcls/ds/ana/sw/conda1/inst/envs/ana-4.0.65-py3/lib/python3.9/multiprocessing/resource_tracker.py:229: UserWarning: resource_tracker: '/psm_31eb7e35': [Errno 2] No such file or directory: '/psm_31eb7e35'
  warnings.warn('resource_tracker: %r: %s' % (name, e))
/sdf/group/lcls/ds/ana/sw/conda1/inst/envs/ana-4.0.65-py3/lib/python3.9/multiprocessing/resource_tracker.py:229: UserWarning: resource_tracker: '/psm_1a124a47': [Errno 2] No such file or directory: '/psm_1a124a47'
  warnings.warn('resource_tracker: %r: %s' % (name, e))
/sdf/group/lcls/ds/ana/sw/conda1/inst/envs/ana-4.0.65-py3/lib/python3.9/multiprocessing/resource_tracker.py:229: UserWarning: resource_tracker: '/psm_f8a89a76': [Errno 2] No such file or directory: '/psm_f8a89a76'
  warnings.warn('resource_tracker: %r: %s' % (name, e))
/sdf/group/lcls/ds/ana/sw/conda1/inst/envs/ana-4.0.65-py3/lib/python3.9/multiprocessing/resource_tracker.py:229: UserWarning: resource_tracker: '/psm_b5836b97': [Errno 2] No such file or directory: '/psm_b5836b97'
  warnings.warn('resource_tracker: %r: %s' % (name, e))
/sdf/group/lcls/ds/ana/sw/conda1/inst/envs/ana-4.0.65-py3/lib/python3.9/multiprocessing/resource_tracker.py:229: UserWarning: resource_tracker: '/psm_8bcf6cca': [Errno 2] No such file or directory: '/psm_8bcf6cca'
  warnings.warn('resource_tracker: %r: %s' % (name, e))
/sdf/group/lcls/ds/ana/sw/conda1/inst/envs/ana-4.0.65-py3/lib/python3.9/multiprocessing/resource_tracker.py:229: UserWarning: resource_tracker: '/psm_191ab4b0': [Errno 2] No such file or directory: '/psm_191ab4b0'
  warnings.warn('resource_tracker: %r: %s' % (name, e))
/sdf/group/lcls/ds/ana/sw/conda1/inst/envs/ana-4.0.65-py3/lib/python3.9/multiprocessing/resource_tracker.py:229: UserWarning: resource_tracker: '/psm_84792533': [Errno 2] No such file or directory: '/psm_84792533'
  warnings.warn('resource_tracker: %r: %s' % (name, e))
/sdf/group/lcls/ds/ana/sw/conda1/inst/envs/ana-4.0.65-py3/lib/python3.9/multiprocessing/resource_tracker.py:229: UserWarning: resource_tracker: '/psm_b1fa0e2d': [Errno 2] No such file or directory: '/psm_b1fa0e2d'
  warnings.warn('resource_tracker: %r: %s' % (name, e))
/sdf/group/lcls/ds/ana/sw/conda1/inst/envs/ana-4.0.65-py3/lib/python3.9/multiprocessing/resource_tracker.py:229: UserWarning: resource_tracker: '/psm_959c75fd': [Errno 2] No such file or directory: '/psm_959c75fd'
  warnings.warn('resource_tracker: %r: %s' % (name, e))
/sdf/group/lcls/ds/ana/sw/conda1/inst/envs/ana-4.0.65-py3/lib/python3.9/multiprocessing/resource_tracker.py:229: UserWarning: resource_tracker: '/psm_1573cfc1': [Errno 2] No such file or directory: '/psm_1573cfc1'
  warnings.warn('resource_tracker: %r: %s' % (name, e))
/sdf/group/lcls/ds/ana/sw/conda1/inst/envs/ana-4.0.65-py3/lib/python3.9/multiprocessing/resource_tracker.py:229: UserWarning: resource_tracker: '/psm_44543ead': [Errno 2] No such file or directory: '/psm_44543ead'
  warnings.warn('resource_tracker: %r: %s' % (name, e))
/sdf/group/lcls/ds/ana/sw/conda1/inst/envs/ana-4.0.65-py3/lib/python3.9/multiprocessing/resource_tracker.py:229: UserWarning: resource_tracker: '/psm_0a532863': [Errno 2] No such file or directory: '/psm_0a532863'
  warnings.warn('resource_tracker: %r: %s' % (name, e))
/sdf/group/lcls/ds/ana/sw/conda1/inst/envs/ana-4.0.65-py3/lib/python3.9/multiprocessing/resource_tracker.py:229: UserWarning: resource_tracker: '/psm_1aa433aa': [Errno 2] No such file or directory: '/psm_1aa433aa'
  warnings.warn('resource_tracker: %r: %s' % (name, e))
/sdf/group/lcls/ds/ana/sw/conda1/inst/envs/ana-4.0.65-py3/lib/python3.9/multiprocessing/resource_tracker.py:229: UserWarning: resource_tracker: '/psm_f9915ff8': [Errno 2] No such file or directory: '/psm_f9915ff8'
  warnings.warn('resource_tracker: %r: %s' % (name, e))
/sdf/group/lcls/ds/ana/sw/conda1/inst/envs/ana-4.0.65-py3/lib/python3.9/multiprocessing/resource_tracker.py:229: UserWarning: resource_tracker: '/psm_60c4fc70': [Errno 2] No such file or directory: '/psm_60c4fc70'
  warnings.warn('resource_tracker: %r: %s' % (name, e))
/sdf/group/lcls/ds/ana/sw/conda1/inst/envs/ana-4.0.65-py3/lib/python3.9/multiprocessing/resource_tracker.py:229: UserWarning: resource_tracker: '/psm_bf9ee526': [Errno 2] No such file or directory: '/psm_bf9ee526'
  warnings.warn('resource_tracker: %r: %s' % (name, e))
/sdf/group/lcls/ds/ana/sw/conda1/inst/envs/ana-4.0.65-py3/lib/python3.9/multiprocessing/resource_tracker.py:229: UserWarning: resource_tracker: '/psm_b4e2b27d': [Errno 2] No such file or directory: '/psm_b4e2b27d'
  warnings.warn('resource_tracker: %r: %s' % (name, e))
/sdf/group/lcls/ds/ana/sw/conda1/inst/envs/ana-4.0.65-py3/lib/python3.9/multiprocessing/resource_tracker.py:229: UserWarning: resource_tracker: '/psm_5e99d9d1': [Errno 2] No such file or directory: '/psm_5e99d9d1'
  warnings.warn('resource_tracker: %r: %s' % (name, e))
/sdf/group/lcls/ds/ana/sw/conda1/inst/envs/ana-4.0.65-py3/lib/python3.9/multiprocessing/resource_tracker.py:229: UserWarning: resource_tracker: '/psm_90659763': [Errno 2] No such file or directory: '/psm_90659763'
  warnings.warn('resource_tracker: %r: %s' % (name, e))
/sdf/group/lcls/ds/ana/sw/conda1/inst/envs/ana-4.0.65-py3/lib/python3.9/multiprocessing/resource_tracker.py:229: UserWarning: resource_tracker: '/psm_d5940577': [Errno 2] No such file or directory: '/psm_d5940577'
  warnings.warn('resource_tracker: %r: %s' % (name, e))
/sdf/group/lcls/ds/ana/sw/conda1/inst/envs/ana-4.0.65-py3/lib/python3.9/multiprocessing/resource_tracker.py:229: UserWarning: resource_tracker: '/psm_04cd1201': [Errno 2] No such file or directory: '/psm_04cd1201'
  warnings.warn('resource_tracker: %r: %s' % (name, e))
/sdf/group/lcls/ds/ana/sw/conda1/inst/envs/ana-4.0.65-py3/lib/python3.9/multiprocessing/resource_tracker.py:229: UserWarning: resource_tracker: '/psm_f7b44cb3': [Errno 2] No such file or directory: '/psm_f7b44cb3'
  warnings.warn('resource_tracker: %r: %s' % (name, e))
/sdf/group/lcls/ds/ana/sw/conda1/inst/envs/ana-4.0.65-py3/lib/python3.9/multiprocessing/resource_tracker.py:229: UserWarning: resource_tracker: '/psm_901d419e': [Errno 2] No such file or directory: '/psm_901d419e'
  warnings.warn('resource_tracker: %r: %s' % (name, e))
/sdf/group/lcls/ds/ana/sw/conda1/inst/envs/ana-4.0.65-py3/lib/python3.9/multiprocessing/resource_tracker.py:229: UserWarning: resource_tracker: '/psm_4a69cf55': [Errno 2] No such file or directory: '/psm_4a69cf55'
  warnings.warn('resource_tracker: %r: %s' % (name, e))
/sdf/group/lcls/ds/ana/sw/conda1/inst/envs/ana-4.0.65-py3/lib/python3.9/multiprocessing/resource_tracker.py:229: UserWarning: resource_tracker: '/psm_4c222847': [Errno 2] No such file or directory: '/psm_4c222847'
  warnings.warn('resource_tracker: %r: %s' % (name, e))
/sdf/group/lcls/ds/ana/sw/conda1/inst/envs/ana-4.0.65-py3/lib/python3.9/multiprocessing/resource_tracker.py:229: UserWarning: resource_tracker: '/psm_5ece4bd1': [Errno 2] No such file or directory: '/psm_5ece4bd1'
  warnings.warn('resource_tracker: %r: %s' % (name, e))
/sdf/group/lcls/ds/ana/sw/conda1/inst/envs/ana-4.0.65-py3/lib/python3.9/multiprocessing/resource_tracker.py:229: UserWarning: resource_tracker: '/psm_40469cff': [Errno 2] No such file or directory: '/psm_40469cff'
  warnings.warn('resource_tracker: %r: %s' % (name, e))
/sdf/group/lcls/ds/ana/sw/conda1/inst/envs/ana-4.0.65-py3/lib/python3.9/multiprocessing/resource_tracker.py:229: UserWarning: resource_tracker: '/psm_2501d709': [Errno 2] No such file or directory: '/psm_2501d709'
  warnings.warn('resource_tracker: %r: %s' % (name, e))
/sdf/group/lcls/ds/ana/sw/conda1/inst/envs/ana-4.0.65-py3/lib/python3.9/multiprocessing/resource_tracker.py:229: UserWarning: resource_tracker: '/psm_2ef8e433': [Errno 2] No such file or directory: '/psm_2ef8e433'
  warnings.warn('resource_tracker: %r: %s' % (name, e))
/sdf/group/lcls/ds/ana/sw/conda1/inst/envs/ana-4.0.65-py3/lib/python3.9/multiprocessing/resource_tracker.py:229: UserWarning: resource_tracker: '/psm_2199f7c9': [Errno 2] No such file or directory: '/psm_2199f7c9'
  warnings.warn('resource_tracker: %r: %s' % (name, e))
/sdf/group/lcls/ds/ana/sw/conda1/inst/envs/ana-4.0.65-py3/lib/python3.9/multiprocessing/resource_tracker.py:229: UserWarning: resource_tracker: '/psm_1a27dd53': [Errno 2] No such file or directory: '/psm_1a27dd53'
  warnings.warn('resource_tracker: %r: %s' % (name, e))
/sdf/group/lcls/ds/ana/sw/conda1/inst/envs/ana-4.0.65-py3/lib/python3.9/multiprocessing/resource_tracker.py:229: UserWarning: resource_tracker: '/psm_ed7fbf3b': [Errno 2] No such file or directory: '/psm_ed7fbf3b'
  warnings.warn('resource_tracker: %r: %s' % (name, e))
/sdf/group/lcls/ds/ana/sw/conda1/inst/envs/ana-4.0.65-py3/lib/python3.9/multiprocessing/resource_tracker.py:229: UserWarning: resource_tracker: '/psm_d48dfe88': [Errno 2] No such file or directory: '/psm_d48dfe88'
  warnings.warn('resource_tracker: %r: %s' % (name, e))
/sdf/group/lcls/ds/ana/sw/conda1/inst/envs/ana-4.0.65-py3/lib/python3.9/multiprocessing/resource_tracker.py:229: UserWarning: resource_tracker: '/psm_5c9ece6e': [Errno 2] No such file or directory: '/psm_5c9ece6e'
  warnings.warn('resource_tracker: %r: %s' % (name, e))
/sdf/group/lcls/ds/ana/sw/conda1/inst/envs/ana-4.0.65-py3/lib/python3.9/multiprocessing/resource_tracker.py:229: UserWarning: resource_tracker: '/psm_974c08aa': [Errno 2] No such file or directory: '/psm_974c08aa'
  warnings.warn('resource_tracker: %r: %s' % (name, e))
/sdf/group/lcls/ds/ana/sw/conda1/inst/envs/ana-4.0.65-py3/lib/python3.9/multiprocessing/resource_tracker.py:229: UserWarning: resource_tracker: '/psm_0e038e04': [Errno 2] No such file or directory: '/psm_0e038e04'
  warnings.warn('resource_tracker: %r: %s' % (name, e))
/sdf/group/lcls/ds/ana/sw/conda1/inst/envs/ana-4.0.65-py3/lib/python3.9/multiprocessing/resource_tracker.py:229: UserWarning: resource_tracker: '/psm_07eb9876': [Errno 2] No such file or directory: '/psm_07eb9876'
  warnings.warn('resource_tracker: %r: %s' % (name, e))
/sdf/group/lcls/ds/ana/sw/conda1/inst/envs/ana-4.0.65-py3/lib/python3.9/multiprocessing/resource_tracker.py:229: UserWarning: resource_tracker: '/psm_500ad096': [Errno 2] No such file or directory: '/psm_500ad096'
  warnings.warn('resource_tracker: %r: %s' % (name, e))
/sdf/group/lcls/ds/ana/sw/conda1/inst/envs/ana-4.0.65-py3/lib/python3.9/multiprocessing/resource_tracker.py:229: UserWarning: resource_tracker: '/psm_0a1aa84e': [Errno 2] No such file or directory: '/psm_0a1aa84e'
  warnings.warn('resource_tracker: %r: %s' % (name, e))
/sdf/group/lcls/ds/ana/sw/conda1/inst/envs/ana-4.0.65-py3/lib/python3.9/multiprocessing/resource_tracker.py:229: UserWarning: resource_tracker: '/psm_d1d2f761': [Errno 2] No such file or directory: '/psm_d1d2f761'
  warnings.warn('resource_tracker: %r: %s' % (name, e))
/sdf/group/lcls/ds/ana/sw/conda1/inst/envs/ana-4.0.65-py3/lib/python3.9/multiprocessing/resource_tracker.py:229: UserWarning: resource_tracker: '/psm_a97df118': [Errno 2] No such file or directory: '/psm_a97df118'
  warnings.warn('resource_tracker: %r: %s' % (name, e))
/sdf/group/lcls/ds/ana/sw/conda1/inst/envs/ana-4.0.65-py3/lib/python3.9/multiprocessing/resource_tracker.py:229: UserWarning: resource_tracker: '/psm_586a4555': [Errno 2] No such file or directory: '/psm_586a4555'
  warnings.warn('resource_tracker: %r: %s' % (name, e))
/sdf/group/lcls/ds/ana/sw/conda1/inst/envs/ana-4.0.65-py3/lib/python3.9/multiprocessing/resource_tracker.py:229: UserWarning: resource_tracker: '/psm_f001f612': [Errno 2] No such file or directory: '/psm_f001f612'
  warnings.warn('resource_tracker: %r: %s' % (name, e))
/sdf/group/lcls/ds/ana/sw/conda1/inst/envs/ana-4.0.65-py3/lib/python3.9/multiprocessing/resource_tracker.py:229: UserWarning: resource_tracker: '/psm_dd94a3bc': [Errno 2] No such file or directory: '/psm_dd94a3bc'
  warnings.warn('resource_tracker: %r: %s' % (name, e))
/sdf/group/lcls/ds/ana/sw/conda1/inst/envs/ana-4.0.65-py3/lib/python3.9/multiprocessing/resource_tracker.py:229: UserWarning: resource_tracker: '/psm_d46d5fa6': [Errno 2] No such file or directory: '/psm_d46d5fa6'
  warnings.warn('resource_tracker: %r: %s' % (name, e))
/sdf/group/lcls/ds/ana/sw/conda1/inst/envs/ana-4.0.65-py3/lib/python3.9/multiprocessing/resource_tracker.py:229: UserWarning: resource_tracker: '/psm_0d526a8b': [Errno 2] No such file or directory: '/psm_0d526a8b'
  warnings.warn('resource_tracker: %r: %s' % (name, e))
/sdf/group/lcls/ds/ana/sw/conda1/inst/envs/ana-4.0.65-py3/lib/python3.9/multiprocessing/resource_tracker.py:229: UserWarning: resource_tracker: '/psm_cf48ce8c': [Errno 2] No such file or directory: '/psm_cf48ce8c'
  warnings.warn('resource_tracker: %r: %s' % (name, e))
/sdf/group/lcls/ds/ana/sw/conda1/inst/envs/ana-4.0.65-py3/lib/python3.9/multiprocessing/resource_tracker.py:229: UserWarning: resource_tracker: '/psm_50462c17': [Errno 2] No such file or directory: '/psm_50462c17'
  warnings.warn('resource_tracker: %r: %s' % (name, e))
/sdf/group/lcls/ds/ana/sw/conda1/inst/envs/ana-4.0.65-py3/lib/python3.9/multiprocessing/resource_tracker.py:229: UserWarning: resource_tracker: '/psm_218a6f39': [Errno 2] No such file or directory: '/psm_218a6f39'
  warnings.warn('resource_tracker: %r: %s' % (name, e))
/sdf/group/lcls/ds/ana/sw/conda1/inst/envs/ana-4.0.65-py3/lib/python3.9/multiprocessing/resource_tracker.py:229: UserWarning: resource_tracker: '/psm_24859d45': [Errno 2] No such file or directory: '/psm_24859d45'
  warnings.warn('resource_tracker: %r: %s' % (name, e))
/sdf/group/lcls/ds/ana/sw/conda1/inst/envs/ana-4.0.65-py3/lib/python3.9/multiprocessing/resource_tracker.py:229: UserWarning: resource_tracker: '/psm_0af75249': [Errno 2] No such file or directory: '/psm_0af75249'
  warnings.warn('resource_tracker: %r: %s' % (name, e))
/sdf/group/lcls/ds/ana/sw/conda1/inst/envs/ana-4.0.65-py3/lib/python3.9/multiprocessing/resource_tracker.py:229: UserWarning: resource_tracker: '/psm_afa3ac94': [Errno 2] No such file or directory: '/psm_afa3ac94'
  warnings.warn('resource_tracker: %r: %s' % (name, e))
/sdf/group/lcls/ds/ana/sw/conda1/inst/envs/ana-4.0.65-py3/lib/python3.9/multiprocessing/resource_tracker.py:229: UserWarning: resource_tracker: '/psm_b94908b2': [Errno 2] No such file or directory: '/psm_b94908b2'
  warnings.warn('resource_tracker: %r: %s' % (name, e))
/sdf/group/lcls/ds/ana/sw/conda1/inst/envs/ana-4.0.65-py3/lib/python3.9/multiprocessing/resource_tracker.py:229: UserWarning: resource_tracker: '/psm_0a651145': [Errno 2] No such file or directory: '/psm_0a651145'
  warnings.warn('resource_tracker: %r: %s' % (name, e))
/sdf/group/lcls/ds/ana/sw/conda1/inst/envs/ana-4.0.65-py3/lib/python3.9/multiprocessing/resource_tracker.py:229: UserWarning: resource_tracker: '/psm_4d414f2a': [Errno 2] No such file or directory: '/psm_4d414f2a'
  warnings.warn('resource_tracker: %r: %s' % (name, e))
/sdf/group/lcls/ds/ana/sw/conda1/inst/envs/ana-4.0.65-py3/lib/python3.9/multiprocessing/resource_tracker.py:229: UserWarning: resource_tracker: '/psm_f87e083a': [Errno 2] No such file or directory: '/psm_f87e083a'
  warnings.warn('resource_tracker: %r: %s' % (name, e))
/sdf/group/lcls/ds/ana/sw/conda1/inst/envs/ana-4.0.65-py3/lib/python3.9/multiprocessing/resource_tracker.py:229: UserWarning: resource_tracker: '/psm_bb4556ba': [Errno 2] No such file or directory: '/psm_bb4556ba'
  warnings.warn('resource_tracker: %r: %s' % (name, e))
/sdf/group/lcls/ds/ana/sw/conda1/inst/envs/ana-4.0.65-py3/lib/python3.9/multiprocessing/resource_tracker.py:229: UserWarning: resource_tracker: '/psm_e805eefd': [Errno 2] No such file or directory: '/psm_e805eefd'
  warnings.warn('resource_tracker: %r: %s' % (name, e))
/sdf/group/lcls/ds/ana/sw/conda1/inst/envs/ana-4.0.65-py3/lib/python3.9/multiprocessing/resource_tracker.py:229: UserWarning: resource_tracker: '/psm_fb5544f8': [Errno 2] No such file or directory: '/psm_fb5544f8'
  warnings.warn('resource_tracker: %r: %s' % (name, e))
/sdf/group/lcls/ds/ana/sw/conda1/inst/envs/ana-4.0.65-py3/lib/python3.9/multiprocessing/resource_tracker.py:229: UserWarning: resource_tracker: '/psm_79f43d00': [Errno 2] No such file or directory: '/psm_79f43d00'
  warnings.warn('resource_tracker: %r: %s' % (name, e))
/sdf/group/lcls/ds/ana/sw/conda1/inst/envs/ana-4.0.65-py3/lib/python3.9/multiprocessing/resource_tracker.py:229: UserWarning: resource_tracker: '/psm_12df729a': [Errno 2] No such file or directory: '/psm_12df729a'
  warnings.warn('resource_tracker: %r: %s' % (name, e))
/sdf/group/lcls/ds/ana/sw/conda1/inst/envs/ana-4.0.65-py3/lib/python3.9/multiprocessing/resource_tracker.py:229: UserWarning: resource_tracker: '/psm_be5cb2af': [Errno 2] No such file or directory: '/psm_be5cb2af'
  warnings.warn('resource_tracker: %r: %s' % (name, e))
/sdf/group/lcls/ds/ana/sw/conda1/inst/envs/ana-4.0.65-py3/lib/python3.9/multiprocessing/resource_tracker.py:229: UserWarning: resource_tracker: '/psm_eccd74b9': [Errno 2] No such file or directory: '/psm_eccd74b9'
  warnings.warn('resource_tracker: %r: %s' % (name, e))
/sdf/group/lcls/ds/ana/sw/conda1/inst/envs/ana-4.0.65-py3/lib/python3.9/multiprocessing/resource_tracker.py:229: UserWarning: resource_tracker: '/psm_cd4ccc45': [Errno 2] No such file or directory: '/psm_cd4ccc45'
  warnings.warn('resource_tracker: %r: %s' % (name, e))
/sdf/group/lcls/ds/ana/sw/conda1/inst/envs/ana-4.0.65-py3/lib/python3.9/multiprocessing/resource_tracker.py:229: UserWarning: resource_tracker: '/psm_3d12c002': [Errno 2] No such file or directory: '/psm_3d12c002'
  warnings.warn('resource_tracker: %r: %s' % (name, e))
/sdf/group/lcls/ds/ana/sw/conda1/inst/envs/ana-4.0.65-py3/lib/python3.9/multiprocessing/resource_tracker.py:229: UserWarning: resource_tracker: '/psm_27aa1bed': [Errno 2] No such file or directory: '/psm_27aa1bed'
  warnings.warn('resource_tracker: %r: %s' % (name, e))
/sdf/group/lcls/ds/ana/sw/conda1/inst/envs/ana-4.0.65-py3/lib/python3.9/multiprocessing/resource_tracker.py:229: UserWarning: resource_tracker: '/psm_a281676f': [Errno 2] No such file or directory: '/psm_a281676f'
  warnings.warn('resource_tracker: %r: %s' % (name, e))
/sdf/group/lcls/ds/ana/sw/conda1/inst/envs/ana-4.0.65-py3/lib/python3.9/multiprocessing/resource_tracker.py:229: UserWarning: resource_tracker: '/psm_5966a888': [Errno 2] No such file or directory: '/psm_5966a888'
  warnings.warn('resource_tracker: %r: %s' % (name, e))
/sdf/group/lcls/ds/ana/sw/conda1/inst/envs/ana-4.0.65-py3/lib/python3.9/multiprocessing/resource_tracker.py:229: UserWarning: resource_tracker: '/psm_9ef5d11e': [Errno 2] No such file or directory: '/psm_9ef5d11e'
  warnings.warn('resource_tracker: %r: %s' % (name, e))
/sdf/group/lcls/ds/ana/sw/conda1/inst/envs/ana-4.0.65-py3/lib/python3.9/multiprocessing/resource_tracker.py:229: UserWarning: resource_tracker: '/psm_60cf5e23': [Errno 2] No such file or directory: '/psm_60cf5e23'
  warnings.warn('resource_tracker: %r: %s' % (name, e))
/sdf/group/lcls/ds/ana/sw/conda1/inst/envs/ana-4.0.65-py3/lib/python3.9/multiprocessing/resource_tracker.py:229: UserWarning: resource_tracker: '/psm_c156f2f5': [Errno 2] No such file or directory: '/psm_c156f2f5'
  warnings.warn('resource_tracker: %r: %s' % (name, e))
/sdf/group/lcls/ds/ana/sw/conda1/inst/envs/ana-4.0.65-py3/lib/python3.9/multiprocessing/resource_tracker.py:229: UserWarning: resource_tracker: '/psm_77bd678f': [Errno 2] No such file or directory: '/psm_77bd678f'
  warnings.warn('resource_tracker: %r: %s' % (name, e))
/sdf/group/lcls/ds/ana/sw/conda1/inst/envs/ana-4.0.65-py3/lib/python3.9/multiprocessing/resource_tracker.py:229: UserWarning: resource_tracker: '/psm_583f4b5f': [Errno 2] No such file or directory: '/psm_583f4b5f'
  warnings.warn('resource_tracker: %r: %s' % (name, e))
/sdf/group/lcls/ds/ana/sw/conda1/inst/envs/ana-4.0.65-py3/lib/python3.9/multiprocessing/resource_tracker.py:229: UserWarning: resource_tracker: '/psm_ad29e07a': [Errno 2] No such file or directory: '/psm_ad29e07a'
  warnings.warn('resource_tracker: %r: %s' % (name, e))
/sdf/group/lcls/ds/ana/sw/conda1/inst/envs/ana-4.0.65-py3/lib/python3.9/multiprocessing/resource_tracker.py:229: UserWarning: resource_tracker: '/psm_fa401286': [Errno 2] No such file or directory: '/psm_fa401286'
  warnings.warn('resource_tracker: %r: %s' % (name, e))
/sdf/group/lcls/ds/ana/sw/conda1/inst/envs/ana-4.0.65-py3/lib/python3.9/multiprocessing/resource_tracker.py:229: UserWarning: resource_tracker: '/psm_4126deb6': [Errno 2] No such file or directory: '/psm_4126deb6'
  warnings.warn('resource_tracker: %r: %s' % (name, e))
/sdf/group/lcls/ds/ana/sw/conda1/inst/envs/ana-4.0.65-py3/lib/python3.9/multiprocessing/resource_tracker.py:229: UserWarning: resource_tracker: '/psm_8c501432': [Errno 2] No such file or directory: '/psm_8c501432'
  warnings.warn('resource_tracker: %r: %s' % (name, e))
/sdf/group/lcls/ds/ana/sw/conda1/inst/envs/ana-4.0.65-py3/lib/python3.9/multiprocessing/resource_tracker.py:229: UserWarning: resource_tracker: '/psm_760ed141': [Errno 2] No such file or directory: '/psm_760ed141'
  warnings.warn('resource_tracker: %r: %s' % (name, e))
/sdf/group/lcls/ds/ana/sw/conda1/inst/envs/ana-4.0.65-py3/lib/python3.9/multiprocessing/resource_tracker.py:229: UserWarning: resource_tracker: '/psm_03e4d6f4': [Errno 2] No such file or directory: '/psm_03e4d6f4'
  warnings.warn('resource_tracker: %r: %s' % (name, e))
/sdf/group/lcls/ds/ana/sw/conda1/inst/envs/ana-4.0.65-py3/lib/python3.9/multiprocessing/resource_tracker.py:229: UserWarning: resource_tracker: '/psm_29d65869': [Errno 2] No such file or directory: '/psm_29d65869'
  warnings.warn('resource_tracker: %r: %s' % (name, e))
/sdf/group/lcls/ds/ana/sw/conda1/inst/envs/ana-4.0.65-py3/lib/python3.9/multiprocessing/resource_tracker.py:229: UserWarning: resource_tracker: '/psm_1b48f570': [Errno 2] No such file or directory: '/psm_1b48f570'
  warnings.warn('resource_tracker: %r: %s' % (name, e))
/sdf/group/lcls/ds/ana/sw/conda1/inst/envs/ana-4.0.65-py3/lib/python3.9/multiprocessing/resource_tracker.py:229: UserWarning: resource_tracker: '/psm_2c071763': [Errno 2] No such file or directory: '/psm_2c071763'
  warnings.warn('resource_tracker: %r: %s' % (name, e))
/sdf/group/lcls/ds/ana/sw/conda1/inst/envs/ana-4.0.65-py3/lib/python3.9/multiprocessing/resource_tracker.py:229: UserWarning: resource_tracker: '/psm_5572d461': [Errno 2] No such file or directory: '/psm_5572d461'
  warnings.warn('resource_tracker: %r: %s' % (name, e))
/sdf/group/lcls/ds/ana/sw/conda1/inst/envs/ana-4.0.65-py3/lib/python3.9/multiprocessing/resource_tracker.py:229: UserWarning: resource_tracker: '/psm_d2937fa2': [Errno 2] No such file or directory: '/psm_d2937fa2'
  warnings.warn('resource_tracker: %r: %s' % (name, e))
/sdf/group/lcls/ds/ana/sw/conda1/inst/envs/ana-4.0.65-py3/lib/python3.9/multiprocessing/resource_tracker.py:229: UserWarning: resource_tracker: '/psm_95979b2e': [Errno 2] No such file or directory: '/psm_95979b2e'
  warnings.warn('resource_tracker: %r: %s' % (name, e))
/sdf/group/lcls/ds/ana/sw/conda1/inst/envs/ana-4.0.65-py3/lib/python3.9/multiprocessing/resource_tracker.py:229: UserWarning: resource_tracker: '/psm_490f712a': [Errno 2] No such file or directory: '/psm_490f712a'
  warnings.warn('resource_tracker: %r: %s' % (name, e))
/sdf/group/lcls/ds/ana/sw/conda1/inst/envs/ana-4.0.65-py3/lib/python3.9/multiprocessing/resource_tracker.py:229: UserWarning: resource_tracker: '/psm_33f6a959': [Errno 2] No such file or directory: '/psm_33f6a959'
  warnings.warn('resource_tracker: %r: %s' % (name, e))
/sdf/group/lcls/ds/ana/sw/conda1/inst/envs/ana-4.0.65-py3/lib/python3.9/multiprocessing/resource_tracker.py:229: UserWarning: resource_tracker: '/psm_018f0fb2': [Errno 2] No such file or directory: '/psm_018f0fb2'
  warnings.warn('resource_tracker: %r: %s' % (name, e))
/sdf/group/lcls/ds/ana/sw/conda1/inst/envs/ana-4.0.65-py3/lib/python3.9/multiprocessing/resource_tracker.py:229: UserWarning: resource_tracker: '/psm_02e928fc': [Errno 2] No such file or directory: '/psm_02e928fc'
  warnings.warn('resource_tracker: %r: %s' % (name, e))
/sdf/group/lcls/ds/ana/sw/conda1/inst/envs/ana-4.0.65-py3/lib/python3.9/multiprocessing/resource_tracker.py:229: UserWarning: resource_tracker: '/psm_03a754eb': [Errno 2] No such file or directory: '/psm_03a754eb'
  warnings.warn('resource_tracker: %r: %s' % (name, e))
/sdf/group/lcls/ds/ana/sw/conda1/inst/envs/ana-4.0.65-py3/lib/python3.9/multiprocessing/resource_tracker.py:229: UserWarning: resource_tracker: '/psm_0b48900b': [Errno 2] No such file or directory: '/psm_0b48900b'
  warnings.warn('resource_tracker: %r: %s' % (name, e))
/sdf/group/lcls/ds/ana/sw/conda1/inst/envs/ana-4.0.65-py3/lib/python3.9/multiprocessing/resource_tracker.py:229: UserWarning: resource_tracker: '/psm_c80c3164': [Errno 2] No such file or directory: '/psm_c80c3164'
  warnings.warn('resource_tracker: %r: %s' % (name, e))
/sdf/group/lcls/ds/ana/sw/conda1/inst/envs/ana-4.0.65-py3/lib/python3.9/multiprocessing/resource_tracker.py:229: UserWarning: resource_tracker: '/psm_13896d9e': [Errno 2] No such file or directory: '/psm_13896d9e'
  warnings.warn('resource_tracker: %r: %s' % (name, e))
/sdf/group/lcls/ds/ana/sw/conda1/inst/envs/ana-4.0.65-py3/lib/python3.9/multiprocessing/resource_tracker.py:229: UserWarning: resource_tracker: '/psm_8271d23c': [Errno 2] No such file or directory: '/psm_8271d23c'
  warnings.warn('resource_tracker: %r: %s' % (name, e))
/sdf/group/lcls/ds/ana/sw/conda1/inst/envs/ana-4.0.65-py3/lib/python3.9/multiprocessing/resource_tracker.py:229: UserWarning: resource_tracker: '/psm_6afcb6d6': [Errno 2] No such file or directory: '/psm_6afcb6d6'
  warnings.warn('resource_tracker: %r: %s' % (name, e))
/sdf/group/lcls/ds/ana/sw/conda1/inst/envs/ana-4.0.65-py3/lib/python3.9/multiprocessing/resource_tracker.py:229: UserWarning: resource_tracker: '/psm_26d3edf1': [Errno 2] No such file or directory: '/psm_26d3edf1'
  warnings.warn('resource_tracker: %r: %s' % (name, e))
/sdf/group/lcls/ds/ana/sw/conda1/inst/envs/ana-4.0.65-py3/lib/python3.9/multiprocessing/resource_tracker.py:229: UserWarning: resource_tracker: '/psm_74c8089f': [Errno 2] No such file or directory: '/psm_74c8089f'
  warnings.warn('resource_tracker: %r: %s' % (name, e))
/sdf/group/lcls/ds/ana/sw/conda1/inst/envs/ana-4.0.65-py3/lib/python3.9/multiprocessing/resource_tracker.py:229: UserWarning: resource_tracker: '/psm_13be6071': [Errno 2] No such file or directory: '/psm_13be6071'
  warnings.warn('resource_tracker: %r: %s' % (name, e))
/sdf/group/lcls/ds/ana/sw/conda1/inst/envs/ana-4.0.65-py3/lib/python3.9/multiprocessing/resource_tracker.py:229: UserWarning: resource_tracker: '/psm_7eca4cc8': [Errno 2] No such file or directory: '/psm_7eca4cc8'
  warnings.warn('resource_tracker: %r: %s' % (name, e))
/sdf/group/lcls/ds/ana/sw/conda1/inst/envs/ana-4.0.65-py3/lib/python3.9/multiprocessing/resource_tracker.py:229: UserWarning: resource_tracker: '/psm_96a72e94': [Errno 2] No such file or directory: '/psm_96a72e94'
  warnings.warn('resource_tracker: %r: %s' % (name, e))
/sdf/group/lcls/ds/ana/sw/conda1/inst/envs/ana-4.0.65-py3/lib/python3.9/multiprocessing/resource_tracker.py:229: UserWarning: resource_tracker: '/psm_ec625bfa': [Errno 2] No such file or directory: '/psm_ec625bfa'
  warnings.warn('resource_tracker: %r: %s' % (name, e))
/sdf/group/lcls/ds/ana/sw/conda1/inst/envs/ana-4.0.65-py3/lib/python3.9/multiprocessing/resource_tracker.py:229: UserWarning: resource_tracker: '/psm_dbc40acb': [Errno 2] No such file or directory: '/psm_dbc40acb'
  warnings.warn('resource_tracker: %r: %s' % (name, e))
/sdf/group/lcls/ds/ana/sw/conda1/inst/envs/ana-4.0.65-py3/lib/python3.9/multiprocessing/resource_tracker.py:229: UserWarning: resource_tracker: '/psm_e43dc6d1': [Errno 2] No such file or directory: '/psm_e43dc6d1'
  warnings.warn('resource_tracker: %r: %s' % (name, e))
/sdf/group/lcls/ds/ana/sw/conda1/inst/envs/ana-4.0.65-py3/lib/python3.9/multiprocessing/resource_tracker.py:229: UserWarning: resource_tracker: '/psm_1ff3ddb2': [Errno 2] No such file or directory: '/psm_1ff3ddb2'
  warnings.warn('resource_tracker: %r: %s' % (name, e))
/sdf/group/lcls/ds/ana/sw/conda1/inst/envs/ana-4.0.65-py3/lib/python3.9/multiprocessing/resource_tracker.py:229: UserWarning: resource_tracker: '/psm_698b6866': [Errno 2] No such file or directory: '/psm_698b6866'
  warnings.warn('resource_tracker: %r: %s' % (name, e))
/sdf/group/lcls/ds/ana/sw/conda1/inst/envs/ana-4.0.65-py3/lib/python3.9/multiprocessing/resource_tracker.py:229: UserWarning: resource_tracker: '/psm_cc9b97b9': [Errno 2] No such file or directory: '/psm_cc9b97b9'
  warnings.warn('resource_tracker: %r: %s' % (name, e))
/sdf/group/lcls/ds/ana/sw/conda1/inst/envs/ana-4.0.65-py3/lib/python3.9/multiprocessing/resource_tracker.py:229: UserWarning: resource_tracker: '/psm_5db46551': [Errno 2] No such file or directory: '/psm_5db46551'
  warnings.warn('resource_tracker: %r: %s' % (name, e))
/sdf/group/lcls/ds/ana/sw/conda1/inst/envs/ana-4.0.65-py3/lib/python3.9/multiprocessing/resource_tracker.py:229: UserWarning: resource_tracker: '/psm_16246f6e': [Errno 2] No such file or directory: '/psm_16246f6e'
  warnings.warn('resource_tracker: %r: %s' % (name, e))
/sdf/group/lcls/ds/ana/sw/conda1/inst/envs/ana-4.0.65-py3/lib/python3.9/multiprocessing/resource_tracker.py:229: UserWarning: resource_tracker: '/psm_826f03d5': [Errno 2] No such file or directory: '/psm_826f03d5'
  warnings.warn('resource_tracker: %r: %s' % (name, e))
/sdf/group/lcls/ds/ana/sw/conda1/inst/envs/ana-4.0.65-py3/lib/python3.9/multiprocessing/resource_tracker.py:229: UserWarning: resource_tracker: '/psm_59f5ff85': [Errno 2] No such file or directory: '/psm_59f5ff85'
  warnings.warn('resource_tracker: %r: %s' % (name, e))
/sdf/group/lcls/ds/ana/sw/conda1/inst/envs/ana-4.0.65-py3/lib/python3.9/multiprocessing/resource_tracker.py:229: UserWarning: resource_tracker: '/psm_1ac75f8f': [Errno 2] No such file or directory: '/psm_1ac75f8f'
  warnings.warn('resource_tracker: %r: %s' % (name, e))
/sdf/group/lcls/ds/ana/sw/conda1/inst/envs/ana-4.0.65-py3/lib/python3.9/multiprocessing/resource_tracker.py:229: UserWarning: resource_tracker: '/psm_6cb281bf': [Errno 2] No such file or directory: '/psm_6cb281bf'
  warnings.warn('resource_tracker: %r: %s' % (name, e))
/sdf/group/lcls/ds/ana/sw/conda1/inst/envs/ana-4.0.65-py3/lib/python3.9/multiprocessing/resource_tracker.py:229: UserWarning: resource_tracker: '/psm_ab0d923b': [Errno 2] No such file or directory: '/psm_ab0d923b'
  warnings.warn('resource_tracker: %r: %s' % (name, e))
/sdf/group/lcls/ds/ana/sw/conda1/inst/envs/ana-4.0.65-py3/lib/python3.9/multiprocessing/resource_tracker.py:229: UserWarning: resource_tracker: '/psm_70f8fdc0': [Errno 2] No such file or directory: '/psm_70f8fdc0'
  warnings.warn('resource_tracker: %r: %s' % (name, e))
/sdf/group/lcls/ds/ana/sw/conda1/inst/envs/ana-4.0.65-py3/lib/python3.9/multiprocessing/resource_tracker.py:229: UserWarning: resource_tracker: '/psm_168258f8': [Errno 2] No such file or directory: '/psm_168258f8'
  warnings.warn('resource_tracker: %r: %s' % (name, e))
/sdf/group/lcls/ds/ana/sw/conda1/inst/envs/ana-4.0.65-py3/lib/python3.9/multiprocessing/resource_tracker.py:229: UserWarning: resource_tracker: '/psm_85dff958': [Errno 2] No such file or directory: '/psm_85dff958'
  warnings.warn('resource_tracker: %r: %s' % (name, e))
/sdf/group/lcls/ds/ana/sw/conda1/inst/envs/ana-4.0.65-py3/lib/python3.9/multiprocessing/resource_tracker.py:229: UserWarning: resource_tracker: '/psm_6b9fe9dc': [Errno 2] No such file or directory: '/psm_6b9fe9dc'
  warnings.warn('resource_tracker: %r: %s' % (name, e))
/sdf/group/lcls/ds/ana/sw/conda1/inst/envs/ana-4.0.65-py3/lib/python3.9/multiprocessing/resource_tracker.py:229: UserWarning: resource_tracker: '/psm_e2761951': [Errno 2] No such file or directory: '/psm_e2761951'
  warnings.warn('resource_tracker: %r: %s' % (name, e))
/sdf/group/lcls/ds/ana/sw/conda1/inst/envs/ana-4.0.65-py3/lib/python3.9/multiprocessing/resource_tracker.py:229: UserWarning: resource_tracker: '/psm_34ffc4c6': [Errno 2] No such file or directory: '/psm_34ffc4c6'
  warnings.warn('resource_tracker: %r: %s' % (name, e))
/sdf/group/lcls/ds/ana/sw/conda1/inst/envs/ana-4.0.65-py3/lib/python3.9/multiprocessing/resource_tracker.py:229: UserWarning: resource_tracker: '/psm_a3f371e6': [Errno 2] No such file or directory: '/psm_a3f371e6'
  warnings.warn('resource_tracker: %r: %s' % (name, e))
/sdf/group/lcls/ds/ana/sw/conda1/inst/envs/ana-4.0.65-py3/lib/python3.9/multiprocessing/resource_tracker.py:229: UserWarning: resource_tracker: '/psm_4554fc1d': [Errno 2] No such file or directory: '/psm_4554fc1d'
  warnings.warn('resource_tracker: %r: %s' % (name, e))
/sdf/group/lcls/ds/ana/sw/conda1/inst/envs/ana-4.0.65-py3/lib/python3.9/multiprocessing/resource_tracker.py:229: UserWarning: resource_tracker: '/psm_c8189fa3': [Errno 2] No such file or directory: '/psm_c8189fa3'
  warnings.warn('resource_tracker: %r: %s' % (name, e))
/sdf/group/lcls/ds/ana/sw/conda1/inst/envs/ana-4.0.65-py3/lib/python3.9/multiprocessing/resource_tracker.py:229: UserWarning: resource_tracker: '/psm_6c62c9f6': [Errno 2] No such file or directory: '/psm_6c62c9f6'
  warnings.warn('resource_tracker: %r: %s' % (name, e))
/sdf/group/lcls/ds/ana/sw/conda1/inst/envs/ana-4.0.65-py3/lib/python3.9/multiprocessing/resource_tracker.py:229: UserWarning: resource_tracker: '/psm_c3a2cf85': [Errno 2] No such file or directory: '/psm_c3a2cf85'
  warnings.warn('resource_tracker: %r: %s' % (name, e))
/sdf/group/lcls/ds/ana/sw/conda1/inst/envs/ana-4.0.65-py3/lib/python3.9/multiprocessing/resource_tracker.py:229: UserWarning: resource_tracker: '/psm_98b1c31c': [Errno 2] No such file or directory: '/psm_98b1c31c'
  warnings.warn('resource_tracker: %r: %s' % (name, e))
/sdf/group/lcls/ds/ana/sw/conda1/inst/envs/ana-4.0.65-py3/lib/python3.9/multiprocessing/resource_tracker.py:229: UserWarning: resource_tracker: '/psm_c16c3819': [Errno 2] No such file or directory: '/psm_c16c3819'
  warnings.warn('resource_tracker: %r: %s' % (name, e))
/sdf/group/lcls/ds/ana/sw/conda1/inst/envs/ana-4.0.65-py3/lib/python3.9/multiprocessing/resource_tracker.py:229: UserWarning: resource_tracker: '/psm_045b0b55': [Errno 2] No such file or directory: '/psm_045b0b55'
  warnings.warn('resource_tracker: %r: %s' % (name, e))
/sdf/group/lcls/ds/ana/sw/conda1/inst/envs/ana-4.0.65-py3/lib/python3.9/multiprocessing/resource_tracker.py:229: UserWarning: resource_tracker: '/psm_236332eb': [Errno 2] No such file or directory: '/psm_236332eb'
  warnings.warn('resource_tracker: %r: %s' % (name, e))
/sdf/group/lcls/ds/ana/sw/conda1/inst/envs/ana-4.0.65-py3/lib/python3.9/multiprocessing/resource_tracker.py:229: UserWarning: resource_tracker: '/psm_3c600424': [Errno 2] No such file or directory: '/psm_3c600424'
  warnings.warn('resource_tracker: %r: %s' % (name, e))
/sdf/group/lcls/ds/ana/sw/conda1/inst/envs/ana-4.0.65-py3/lib/python3.9/multiprocessing/resource_tracker.py:229: UserWarning: resource_tracker: '/psm_fc99926c': [Errno 2] No such file or directory: '/psm_fc99926c'
  warnings.warn('resource_tracker: %r: %s' % (name, e))
/sdf/group/lcls/ds/ana/sw/conda1/inst/envs/ana-4.0.65-py3/lib/python3.9/multiprocessing/resource_tracker.py:229: UserWarning: resource_tracker: '/psm_bc2a17ce': [Errno 2] No such file or directory: '/psm_bc2a17ce'
  warnings.warn('resource_tracker: %r: %s' % (name, e))
/sdf/group/lcls/ds/ana/sw/conda1/inst/envs/ana-4.0.65-py3/lib/python3.9/multiprocessing/resource_tracker.py:229: UserWarning: resource_tracker: '/psm_ac5525ba': [Errno 2] No such file or directory: '/psm_ac5525ba'
  warnings.warn('resource_tracker: %r: %s' % (name, e))
/sdf/group/lcls/ds/ana/sw/conda1/inst/envs/ana-4.0.65-py3/lib/python3.9/multiprocessing/resource_tracker.py:229: UserWarning: resource_tracker: '/psm_90337d24': [Errno 2] No such file or directory: '/psm_90337d24'
  warnings.warn('resource_tracker: %r: %s' % (name, e))
/sdf/group/lcls/ds/ana/sw/conda1/inst/envs/ana-4.0.65-py3/lib/python3.9/multiprocessing/resource_tracker.py:229: UserWarning: resource_tracker: '/psm_6876a8a1': [Errno 2] No such file or directory: '/psm_6876a8a1'
  warnings.warn('resource_tracker: %r: %s' % (name, e))
/sdf/group/lcls/ds/ana/sw/conda1/inst/envs/ana-4.0.65-py3/lib/python3.9/multiprocessing/resource_tracker.py:229: UserWarning: resource_tracker: '/psm_76c23095': [Errno 2] No such file or directory: '/psm_76c23095'
  warnings.warn('resource_tracker: %r: %s' % (name, e))
/sdf/group/lcls/ds/ana/sw/conda1/inst/envs/ana-4.0.65-py3/lib/python3.9/multiprocessing/resource_tracker.py:229: UserWarning: resource_tracker: '/psm_89999cc1': [Errno 2] No such file or directory: '/psm_89999cc1'
  warnings.warn('resource_tracker: %r: %s' % (name, e))
/sdf/group/lcls/ds/ana/sw/conda1/inst/envs/ana-4.0.65-py3/lib/python3.9/multiprocessing/resource_tracker.py:229: UserWarning: resource_tracker: '/psm_711d6243': [Errno 2] No such file or directory: '/psm_711d6243'
  warnings.warn('resource_tracker: %r: %s' % (name, e))
/sdf/group/lcls/ds/ana/sw/conda1/inst/envs/ana-4.0.65-py3/lib/python3.9/multiprocessing/resource_tracker.py:229: UserWarning: resource_tracker: '/psm_788e6b61': [Errno 2] No such file or directory: '/psm_788e6b61'
  warnings.warn('resource_tracker: %r: %s' % (name, e))
/sdf/group/lcls/ds/ana/sw/conda1/inst/envs/ana-4.0.65-py3/lib/python3.9/multiprocessing/resource_tracker.py:229: UserWarning: resource_tracker: '/psm_8291253a': [Errno 2] No such file or directory: '/psm_8291253a'
  warnings.warn('resource_tracker: %r: %s' % (name, e))
/sdf/group/lcls/ds/ana/sw/conda1/inst/envs/ana-4.0.65-py3/lib/python3.9/multiprocessing/resource_tracker.py:229: UserWarning: resource_tracker: '/psm_48a2b8a3': [Errno 2] No such file or directory: '/psm_48a2b8a3'
  warnings.warn('resource_tracker: %r: %s' % (name, e))
/sdf/group/lcls/ds/ana/sw/conda1/inst/envs/ana-4.0.65-py3/lib/python3.9/multiprocessing/resource_tracker.py:229: UserWarning: resource_tracker: '/psm_2cbb2bc6': [Errno 2] No such file or directory: '/psm_2cbb2bc6'
  warnings.warn('resource_tracker: %r: %s' % (name, e))
/sdf/group/lcls/ds/ana/sw/conda1/inst/envs/ana-4.0.65-py3/lib/python3.9/multiprocessing/resource_tracker.py:229: UserWarning: resource_tracker: '/psm_64191cfb': [Errno 2] No such file or directory: '/psm_64191cfb'
  warnings.warn('resource_tracker: %r: %s' % (name, e))
/sdf/group/lcls/ds/ana/sw/conda1/inst/envs/ana-4.0.65-py3/lib/python3.9/multiprocessing/resource_tracker.py:229: UserWarning: resource_tracker: '/psm_212e7919': [Errno 2] No such file or directory: '/psm_212e7919'
  warnings.warn('resource_tracker: %r: %s' % (name, e))
/sdf/group/lcls/ds/ana/sw/conda1/inst/envs/ana-4.0.65-py3/lib/python3.9/multiprocessing/resource_tracker.py:229: UserWarning: resource_tracker: '/psm_5b7bc17c': [Errno 2] No such file or directory: '/psm_5b7bc17c'
  warnings.warn('resource_tracker: %r: %s' % (name, e))
/sdf/group/lcls/ds/ana/sw/conda1/inst/envs/ana-4.0.65-py3/lib/python3.9/multiprocessing/resource_tracker.py:229: UserWarning: resource_tracker: '/psm_304e8b66': [Errno 2] No such file or directory: '/psm_304e8b66'
  warnings.warn('resource_tracker: %r: %s' % (name, e))
/sdf/group/lcls/ds/ana/sw/conda1/inst/envs/ana-4.0.65-py3/lib/python3.9/multiprocessing/resource_tracker.py:229: UserWarning: resource_tracker: '/psm_a443ba47': [Errno 2] No such file or directory: '/psm_a443ba47'
  warnings.warn('resource_tracker: %r: %s' % (name, e))
/sdf/group/lcls/ds/ana/sw/conda1/inst/envs/ana-4.0.65-py3/lib/python3.9/multiprocessing/resource_tracker.py:229: UserWarning: resource_tracker: '/psm_2d2edf55': [Errno 2] No such file or directory: '/psm_2d2edf55'
  warnings.warn('resource_tracker: %r: %s' % (name, e))
/sdf/group/lcls/ds/ana/sw/conda1/inst/envs/ana-4.0.65-py3/lib/python3.9/multiprocessing/resource_tracker.py:229: UserWarning: resource_tracker: '/psm_f07d5471': [Errno 2] No such file or directory: '/psm_f07d5471'
  warnings.warn('resource_tracker: %r: %s' % (name, e))
/sdf/group/lcls/ds/ana/sw/conda1/inst/envs/ana-4.0.65-py3/lib/python3.9/multiprocessing/resource_tracker.py:229: UserWarning: resource_tracker: '/psm_b6840e7c': [Errno 2] No such file or directory: '/psm_b6840e7c'
  warnings.warn('resource_tracker: %r: %s' % (name, e))
/sdf/group/lcls/ds/ana/sw/conda1/inst/envs/ana-4.0.65-py3/lib/python3.9/multiprocessing/resource_tracker.py:229: UserWarning: resource_tracker: '/psm_7327e987': [Errno 2] No such file or directory: '/psm_7327e987'
  warnings.warn('resource_tracker: %r: %s' % (name, e))
/sdf/group/lcls/ds/ana/sw/conda1/inst/envs/ana-4.0.65-py3/lib/python3.9/multiprocessing/resource_tracker.py:229: UserWarning: resource_tracker: '/psm_62755d3f': [Errno 2] No such file or directory: '/psm_62755d3f'
  warnings.warn('resource_tracker: %r: %s' % (name, e))
/sdf/group/lcls/ds/ana/sw/conda1/inst/envs/ana-4.0.65-py3/lib/python3.9/multiprocessing/resource_tracker.py:229: UserWarning: resource_tracker: '/psm_1e217e54': [Errno 2] No such file or directory: '/psm_1e217e54'
  warnings.warn('resource_tracker: %r: %s' % (name, e))
/sdf/group/lcls/ds/ana/sw/conda1/inst/envs/ana-4.0.65-py3/lib/python3.9/multiprocessing/resource_tracker.py:229: UserWarning: resource_tracker: '/psm_ff2ab00b': [Errno 2] No such file or directory: '/psm_ff2ab00b'
  warnings.warn('resource_tracker: %r: %s' % (name, e))
/sdf/group/lcls/ds/ana/sw/conda1/inst/envs/ana-4.0.65-py3/lib/python3.9/multiprocessing/resource_tracker.py:229: UserWarning: resource_tracker: '/psm_b6e75f6e': [Errno 2] No such file or directory: '/psm_b6e75f6e'
  warnings.warn('resource_tracker: %r: %s' % (name, e))
/sdf/group/lcls/ds/ana/sw/conda1/inst/envs/ana-4.0.65-py3/lib/python3.9/multiprocessing/resource_tracker.py:229: UserWarning: resource_tracker: '/psm_7b4bcf33': [Errno 2] No such file or directory: '/psm_7b4bcf33'
  warnings.warn('resource_tracker: %r: %s' % (name, e))
/sdf/group/lcls/ds/ana/sw/conda1/inst/envs/ana-4.0.65-py3/lib/python3.9/multiprocessing/resource_tracker.py:229: UserWarning: resource_tracker: '/psm_827dd71b': [Errno 2] No such file or directory: '/psm_827dd71b'
  warnings.warn('resource_tracker: %r: %s' % (name, e))
/sdf/group/lcls/ds/ana/sw/conda1/inst/envs/ana-4.0.65-py3/lib/python3.9/multiprocessing/resource_tracker.py:229: UserWarning: resource_tracker: '/psm_395a79b7': [Errno 2] No such file or directory: '/psm_395a79b7'
  warnings.warn('resource_tracker: %r: %s' % (name, e))
/sdf/group/lcls/ds/ana/sw/conda1/inst/envs/ana-4.0.65-py3/lib/python3.9/multiprocessing/resource_tracker.py:229: UserWarning: resource_tracker: '/psm_9dbc6025': [Errno 2] No such file or directory: '/psm_9dbc6025'
  warnings.warn('resource_tracker: %r: %s' % (name, e))
/sdf/group/lcls/ds/ana/sw/conda1/inst/envs/ana-4.0.65-py3/lib/python3.9/multiprocessing/resource_tracker.py:229: UserWarning: resource_tracker: '/psm_292fd07e': [Errno 2] No such file or directory: '/psm_292fd07e'
  warnings.warn('resource_tracker: %r: %s' % (name, e))
/sdf/group/lcls/ds/ana/sw/conda1/inst/envs/ana-4.0.65-py3/lib/python3.9/multiprocessing/resource_tracker.py:229: UserWarning: resource_tracker: '/psm_9ab0d820': [Errno 2] No such file or directory: '/psm_9ab0d820'
  warnings.warn('resource_tracker: %r: %s' % (name, e))
/sdf/group/lcls/ds/ana/sw/conda1/inst/envs/ana-4.0.65-py3/lib/python3.9/multiprocessing/resource_tracker.py:229: UserWarning: resource_tracker: '/psm_96534779': [Errno 2] No such file or directory: '/psm_96534779'
  warnings.warn('resource_tracker: %r: %s' % (name, e))
