ana-4.0.65-py3        *  /sdf/group/lcls/ds/ana/sw/conda1/inst/envs/ana-4.0.65-py3
/sdf/group/lcls/ds/ana/sw/conda1/inst/envs/ana-4.0.65-py3/bin/mpirun
/sdf/group/lcls/ds/ana/sw/conda1/inst/envs/ana-4.0.65-py3/bin/python
/sdf/group/lcls/ds/ana/sw/conda1/inst/envs/ana-4.0.60-py3/bin/python /sdf/home/n/nathfrn/pypca/scripts/main.py -c yamls/mfxp23120.yaml -t create_pypca_multinodes
Submitted batch job 62342641
Submitted batch job 62342642
Submitted batch job 62342643
Submitted batch job 62342644
INFO:misc.ischeduler:sbatch -W ./create_pypca_1000_1000_100_node_1.sh
INFO:misc.ischeduler:sbatch -W ./create_pypca_1000_1000_100_node_3.sh
INFO:misc.ischeduler:sbatch -W ./create_pypca_1000_1000_100_node_2.sh
INFO:misc.ischeduler:sbatch -W ./create_pypca_1000_1000_100_node_0.sh
Number of runs: 1
All done!
Number of runs: 1
All done!
Number of runs: 1
All done!
Number of runs: 1
All done!
Algorithm time: 269.17275071144104
Time to fuse: 3.58774995803833
Time to write: 4.6862897872924805
Time to delete: 0.008670330047607422
Total cleaning time: 8.282710075378418
All nodes done!
Task successfully executed
